<?xml version="1.0" encoding="UTF-8"?>
<testsuite xmlns:xsi="http://www.w3.org/2001/XMLSchema-instance" xsi:noNamespaceSchemaLocation="https://maven.apache.org/surefire/maven-surefire-plugin/xsd/surefire-test-report-3.0.xsd" version="3.0" name="com.mercadolibre.project_be_java_hisp_w26_team4.unit.ScopeUtilsTest" time="0.698" tests="7" errors="0" skipped="0" failures="0">
  <properties>
[...]
</properties>
  <testcase name="nonTestSuffix" classname="com.mercadolibre.project_be_java_hisp_w26_team4.unit.ScopeUtilsTest" time="0.685"/>
  <testcase name="testNonDefaultScope" classname="com.mercadolibre.project_be_java_hisp_w26_team4.unit.ScopeUtilsTest" time="0.002"/>
  <testcase name="testCalculateScopeSuffix" classname="com.mercadolibre.project_be_java_hisp_w26_team4.unit.ScopeUtilsTest" time="0.004"/>
  <testcase name="testDefaultScope" classname="com.mercadolibre.project_be_java_hisp_w26_team4.unit.ScopeUtilsTest" time="0.001"/>
  <testcase name="prodSuffix" classname="com.mercadolibre.project_be_java_hisp_w26_team4.unit.ScopeUtilsTest" time="0.001"/>
  <testcase name="testSuffix" classname="com.mercadolibre.project_be_java_hisp_w26_team4.unit.ScopeUtilsTest" time="0.001"/>
  <testcase name="nonProdSuffix" classname="com.mercadolibre.project_be_java_hisp_w26_team4.unit.ScopeUtilsTest" time="0.002"/>
</testsuite>